<?xml version="1.0" encoding="UTF-8"?>
<!-- Generated by org.testng.reporters.JUnitReportReporter -->
<testsuite hostname="DESKTOP-M3UV5M0" failures="0" tests="1" name="siteTest.GoIbiboMain" time="64.698" errors="0" timestamp="06 May 2019 05:46:14 GMT" skipped="0">
  <testcase classname="siteTest.GoIbiboMain" name="LoginApp" time="64.698"/>
</testsuite> <!-- siteTest.GoIbiboMain -->
